<?xml version="1.0" encoding="UTF-8"?>
<robot generator="Robot 7.2.2 (Python 3.13.2 on win32)" generated="2025-03-11T16:51:54.965052" rpa="false" schemaversion="5">
<suite id="s1" name="AutomationTests" source="C:\Users\Sergi\PycharmProjects\HousfyKata\AutomationTests.robot">
<test id="s1-t1" name="Add Product From Detail" line="41">
<kw name="Open Login Page" owner="keywords">
<kw name="Open Browser" owner="SeleniumLibrary">
<msg time="2025-03-11T16:51:55.146433" level="INFO">Opening browser 'Chrome' to base url 'https://www.saucedemo.com/'.</msg>
<arg>https://www.saucedemo.com/</arg>
<arg>Chrome</arg>
<doc>Opens a new browser instance to the optional ``url``.</doc>
<status status="PASS" start="2025-03-11T16:51:55.146270" elapsed="1.447289"/>
</kw>
<kw name="Wait For Condition" owner="SeleniumLibrary">
<arg>return document.readyState == "complete"</arg>
<arg>2</arg>
<arg>Page failed to load.</arg>
<doc>Waits until ``condition`` is true or ``timeout`` expires.</doc>
<status status="PASS" start="2025-03-11T16:51:56.593797" elapsed="0.002912"/>
</kw>
<status status="PASS" start="2025-03-11T16:51:55.145822" elapsed="1.450989"/>
</kw>
<kw name="Attempt Login" owner="keywords">
<kw name="Input Text" owner="SeleniumLibrary">
<msg time="2025-03-11T16:51:56.597340" level="INFO">Typing text 'standard_user' into text field 'user-name'.</msg>
<arg>user-name</arg>
<arg>${username}</arg>
<arg>True</arg>
<doc>Types the given ``text`` into the text field identified by ``locator``.</doc>
<status status="PASS" start="2025-03-11T16:51:56.597134" elapsed="0.070776"/>
</kw>
<kw name="Input Password" owner="SeleniumLibrary">
<msg time="2025-03-11T16:51:56.668259" level="INFO">Typing password into text field 'password'.</msg>
<msg time="2025-03-11T16:51:56.683423" level="INFO">Temporally setting log level to: NONE</msg>
<arg>password</arg>
<arg>${password}</arg>
<arg>True</arg>
<doc>Types the given password into the text field identified by ``locator``.</doc>
<status status="PASS" start="2025-03-11T16:51:56.668071" elapsed="0.039314"/>
</kw>
<kw name="Click Button" owner="SeleniumLibrary">
<msg time="2025-03-11T16:51:56.707746" level="INFO">Clicking button 'login-button'.</msg>
<arg>login-button</arg>
<doc>Clicks the button identified by ``locator``.</doc>
<status status="PASS" start="2025-03-11T16:51:56.707537" elapsed="0.051091"/>
</kw>
<arg>standard_user</arg>
<arg>secret_sauce</arg>
<status status="PASS" start="2025-03-11T16:51:56.596929" elapsed="0.161816"/>
</kw>
<kw name="Open Product Detail" owner="keywords">
<kw name="Click Element" owner="SeleniumLibrary">
<msg time="2025-03-11T16:51:56.759255" level="INFO">Clicking element 'xpath: //div[@class='inventory_item_label']/a/div[text()="Sauce Labs Backpack"]/..'.</msg>
<arg>xpath: //div[@class='inventory_item_label']/a/div[text()="${name}"]/..</arg>
<doc>Click the element identified by ``locator``.</doc>
<status status="PASS" start="2025-03-11T16:51:56.759082" elapsed="0.037522"/>
</kw>
<arg>Sauce Labs Backpack</arg>
<status status="PASS" start="2025-03-11T16:51:56.758868" elapsed="0.037843"/>
</kw>
<kw name="Add Product Detail" owner="keywords">
<kw name="Click Button" owner="SeleniumLibrary">
<msg time="2025-03-11T16:51:56.797251" level="INFO">Clicking button '//div[@class="inventory_details_desc_container"]/button'.</msg>
<arg>//div[@class="inventory_details_desc_container"]/button</arg>
<doc>Clicks the button identified by ``locator``.</doc>
<status status="PASS" start="2025-03-11T16:51:56.797074" elapsed="0.036793"/>
</kw>
<status status="PASS" start="2025-03-11T16:51:56.796827" elapsed="0.037147"/>
</kw>
<kw name="Open Shopping Cart" owner="keywords">
<kw name="Click Element" owner="SeleniumLibrary">
<msg time="2025-03-11T16:51:56.834479" level="INFO">Clicking element 'data:test:shopping-cart-link'.</msg>
<arg>data:test:shopping-cart-link</arg>
<doc>Click the element identified by ``locator``.</doc>
<status status="PASS" start="2025-03-11T16:51:56.834280" elapsed="0.029760"/>
</kw>
<kw name="Wait For Condition" owner="SeleniumLibrary">
<arg>return document.readyState == "complete"</arg>
<arg>2</arg>
<arg>Page failed to load.</arg>
<doc>Waits until ``condition`` is true or ``timeout`` expires.</doc>
<status status="PASS" start="2025-03-11T16:51:56.864198" elapsed="0.002813"/>
</kw>
<status status="PASS" start="2025-03-11T16:51:56.834087" elapsed="0.033027"/>
</kw>
<kw name="Check Item Cart" owner="keywords">
<kw name="Page Should Contain Element" owner="SeleniumLibrary">
<msg time="2025-03-11T16:51:56.872467" level="INFO">Current page contains element 'xpath: //div[@class='inventory_item_name'][text()="Sauce Labs Backpack"]'.</msg>
<arg>xpath: //div[@class='inventory_item_name'][text()="${name}"]</arg>
<doc>Verifies that element ``locator`` is found on the current page.</doc>
<status status="PASS" start="2025-03-11T16:51:56.867431" elapsed="0.005140"/>
</kw>
<arg>Sauce Labs Backpack</arg>
<status status="PASS" start="2025-03-11T16:51:56.867227" elapsed="0.005409"/>
</kw>
<status status="PASS" start="2025-03-11T16:51:55.145406" elapsed="1.727319"/>
</test>
<doc>Kata for the Junior QA position at Housfy.</doc>
<status status="PASS" start="2025-03-11T16:51:54.972022" elapsed="1.901049"/>
</suite>
<statistics>
<total>
<stat pass="1" fail="0" skip="0">All Tests</stat>
</total>
<tag>
</tag>
<suite>
<stat name="AutomationTests" id="s1" pass="1" fail="0" skip="0">AutomationTests</stat>
</suite>
</statistics>
<errors>
</errors>
</robot>
