<?xml version="1.0" encoding="UTF-8"?>
<robot generator="Robot 7.2.2 (Python 3.13.2 on win32)" generated="2025-03-10T17:23:55.026393" rpa="false" schemaversion="5">
<suite id="s1" name="Login" source="C:\Users\Sergi\PycharmProjects\HousfyKata\Login.robot">
<test id="s1-t1" name="Page can be reached" line="6">
<kw name="Open Page" owner="keywords">
<kw name="Open Browser" owner="SeleniumLibrary">
<msg time="2025-03-10T17:23:55.237941" level="INFO">Opening browser 'Chrome' to base url 'https://www.saucedemo.com/'.</msg>
<arg>https://www.saucedemo.com/</arg>
<arg>Chrome</arg>
<doc>Opens a new browser instance to the optional ``url``.</doc>
<status status="PASS" start="2025-03-10T17:23:55.237710" elapsed="1.435074"/>
</kw>
<status status="PASS" start="2025-03-10T17:23:55.237127" elapsed="1.435799"/>
</kw>
<status status="PASS" start="2025-03-10T17:23:55.236677" elapsed="1.436345"/>
</test>
<doc>Login page tests. Kata for the Junior QA position at Housfy.</doc>
<status status="PASS" start="2025-03-10T17:23:55.033780" elapsed="1.639533"/>
</suite>
<statistics>
<total>
<stat pass="1" fail="0" skip="0">All Tests</stat>
</total>
<tag>
</tag>
<suite>
<stat name="Login" id="s1" pass="1" fail="0" skip="0">Login</stat>
</suite>
</statistics>
<errors>
</errors>
</robot>
